This is pTeXk, Version 3.141592-p3.1.11 (euc) (Web2C 7.5.4) (format=platex 2011.1.25)  29 JAN 2011 07:41
 %&-line parsing enabled.
**Book.tex
(./Book.tex
pLaTeX2e <2006/11/10>+0 (based on LaTeX2e <2009/09/24> patch level 0)
(/usr/share/texmf/ptex/platex/base/jsbook.cls
Document Class: jsbook 2010/03/14 okumura
LaTeX Info: Redefining \rmfamily on input line 339.
LaTeX Info: Redefining \sffamily on input line 342.
LaTeX Info: Redefining \ttfamily on input line 345.
\symmincho=\mathgroup4
LaTeX Font Info:    Overwriting symbol font `mincho' in version `bold'
(Font)                  JY1/mc/m/n --> JY1/gt/m/n on input line 410.
LaTeX Font Info:    Font shape `JT1/mc/m/n' will be
(Font)              scaled to size 9.60999pt on input line 599.
LaTeX Font Info:    Font shape `JY1/mc/m/n' will be
(Font)              scaled to size 9.60999pt on input line 599.
\fullwidth=\dimen118
LaTeX Font Info:    Font shape `JT1/mc/m/n' will be
(Font)              scaled to size 7.68799pt on input line 754.
LaTeX Font Info:    Font shape `JY1/mc/m/n' will be
(Font)              scaled to size 7.68799pt on input line 754.
\c@part=\count81
\c@chapter=\count82
\c@section=\count83
\c@subsection=\count84
\c@subsubsection=\count85
\c@paragraph=\count86
\c@subparagraph=\count87
\c@figure=\count88
\c@table=\count89
\abovecaptionskip=\skip41
\belowcaptionskip=\skip42
\@lnumwidth=\dimen119
\bibindent=\dimen120
LaTeX Info: Redefining \TeX on input line 1768.
LaTeX Info: Redefining \LaTeX on input line 1794.
LaTeX Info: Redefining \LaTeXe on input line 1819.
\heisei=\count90
) (/usr/share/texmf-texlive/tex/latex/hyperref/hyperref.sty
Package: hyperref 2009/10/09 v6.79a Hypertext links for LaTeX

(/usr/share/texmf-texlive/tex/latex/graphics/keyval.sty
Package: keyval 1999/03/16 v1.13 key=value parser (DPC)
\KV@toks@=\toks15
)
(/usr/share/texmf-texlive/tex/generic/oberdiek/ifpdf.sty
Package: ifpdf 2009/04/10 v2.0 Provides the ifpdf switch (HO)
Package ifpdf Info: pdfTeX in pdf mode not detected.
)
(/usr/share/texmf-texlive/tex/generic/oberdiek/ifvtex.sty
Package: ifvtex 2008/11/04 v1.4 Switches for detecting VTeX and its modes (HO)
Package ifvtex Info: VTeX not detected.
)
(/usr/share/texmf-texlive/tex/generic/ifxetex/ifxetex.sty
Package: ifxetex 2009/01/23 v0.5 Provides ifxetex conditional
)
(/usr/share/texmf-texlive/tex/latex/oberdiek/hycolor.sty
Package: hycolor 2009/10/02 v1.5 Code for color options of hyperref/bookmark (H
O)

(/usr/share/texmf-texlive/tex/latex/oberdiek/xcolor-patch.sty
Package: xcolor-patch 2009/10/02 xcolor patch
))
\@linkdim=\dimen121
\Hy@linkcounter=\count91
\Hy@pagecounter=\count92

(/usr/share/texmf-texlive/tex/latex/hyperref/pd1enc.def
File: pd1enc.def 2009/10/09 v6.79a Hyperref: PDFDocEncoding definition (HO)
)
(/usr/share/texmf-texlive/tex/generic/oberdiek/etexcmds.sty
Package: etexcmds 2007/12/12 v1.2 Prefix for e-TeX command names (HO)

(/usr/share/texmf-texlive/tex/generic/oberdiek/infwarerr.sty
Package: infwarerr 2007/09/09 v1.2 Providing info/warning/message (HO)
)
Package etexcmds Info: Could not find \unexpanded.
(etexcmds)             That can mean that you are not using e-TeX or
(etexcmds)             that some package has redefined \unexpanded.
(etexcmds)             In the latter case, load this package earlier.
Package etexcmds Info: Could not find \expanded.
(etexcmds)             That can mean that you are not using pdfTeX 1.50 or
(etexcmds)             that some package has redefined \expanded.
(etexcmds)             In the latter case, load this package earlier.
)
(/usr/share/texmf-texlive/tex/latex/latexconfig/hyperref.cfg
File: hyperref.cfg 2002/06/06 v1.2 hyperref configuration of TeXLive
)
(/usr/share/texmf-texlive/tex/latex/oberdiek/kvoptions.sty
Package: kvoptions 2009/08/13 v3.4 Keyval support for LaTeX options (HO)

(/usr/share/texmf-texlive/tex/generic/oberdiek/kvsetkeys.sty
Package: kvsetkeys 2009/07/30 v1.5 Key value parser with default handler suppor
t (HO)
))
Package hyperref Info: Option `bookmarks' set `true' on input line 2864.
Package hyperref Info: Option `bookmarksnumbered' set `true' on input line 2864
.
Package hyperref Info: Hyper figures OFF on input line 2975.
Package hyperref Info: Link nesting OFF on input line 2980.
Package hyperref Info: Hyper index ON on input line 2983.
Package hyperref Info: Plain pages OFF on input line 2990.
Package hyperref Info: Backreferencing OFF on input line 2995.

Implicit mode ON; LaTeX internals redefined
Package hyperref Info: Bookmarks ON on input line 3191.
(/usr/share/texmf-texlive/tex/latex/ltxmisc/url.sty
\Urlmuskip=\muskip10
Package: url 2006/04/12  ver 3.3  Verb mode for urls, etc.
)
LaTeX Info: Redefining \url on input line 3428.

(/usr/share/texmf-texlive/tex/generic/oberdiek/bitset.sty
Package: bitset 2007/09/28 v1.0 Data type bit set (HO)

(/usr/share/texmf-texlive/tex/generic/oberdiek/intcalc.sty
Package: intcalc 2007/09/27 v1.1 Expandable integer calculations (HO)
)
(/usr/share/texmf-texlive/tex/generic/oberdiek/bigintcalc.sty
Package: bigintcalc 2007/11/11 v1.1 Expandable big integer calculations (HO)

(/usr/share/texmf-texlive/tex/generic/oberdiek/pdftexcmds.sty
Package: pdftexcmds 2009/09/23 v0.6 LuaTeX support for pdfTeX utility functions
 (HO)

(/usr/share/texmf-texlive/tex/generic/oberdiek/ifluatex.sty
Package: ifluatex 2009/04/17 v1.2 Provides the ifluatex switch (HO)
Package ifluatex Info: LuaTeX not detected.
)
(/usr/share/texmf-texlive/tex/generic/oberdiek/ltxcmds.sty
Package: ltxcmds 2009/08/05 v1.0 Some LaTeX kernel commands for general use (HO
)
)
Package pdftexcmds Info: LuaTeX not detected.
Package pdftexcmds Info: pdfTeX >= 1.30 not detected.
Package pdftexcmds Info: \pdf@primitive is not available.
Package pdftexcmds Info: \pdf@ifprimitive is not available.
)))
\Fld@menulength=\count93
\Field@Width=\dimen122
\Fld@charsize=\dimen123
\Field@toks=\toks16
Package hyperref Info: Hyper figures OFF on input line 4377.
Package hyperref Info: Link nesting OFF on input line 4382.
Package hyperref Info: Hyper index ON on input line 4385.
Package hyperref Info: backreferencing OFF on input line 4392.
Package hyperref Info: Link coloring OFF on input line 4397.
Package hyperref Info: Link coloring with OCG OFF on input line 4402.
Package hyperref Info: PDF/A mode OFF on input line 4407.

(/usr/share/texmf-texlive/tex/generic/oberdiek/atbegshi.sty
Package: atbegshi 2008/07/31 v1.9 At begin shipout hook (HO)
)
\Hy@abspage=\count94
\c@Item=\count95
\c@Hfootnote=\count96
)
*hyperref using driver hdvipdfm*
(/usr/share/texmf-texlive/tex/latex/hyperref/hdvipdfm.def
File: hdvipdfm.def 2009/10/09 v6.79a Hyperref driver for dvipdfm
\pdfm@box=\box41
\c@Hy@AnnotLevel=\count97
\HyField@AnnotCount=\count98
\Fld@listcount=\count99
)
(/usr/share/texmf-texlive/tex/latex/graphics/graphicx.sty
Package: graphicx 1999/02/16 v1.0f Enhanced LaTeX Graphics (DPC,SPQR)

(/usr/share/texmf-texlive/tex/latex/graphics/graphics.sty
Package: graphics 2009/02/05 v1.0o Standard LaTeX Graphics (DPC,SPQR)

(/usr/share/texmf-texlive/tex/latex/graphics/trig.sty
Package: trig 1999/03/16 v1.09 sin cos tan (DPC)
)
(/etc/texmf/tex/latex/config/graphics.cfg
File: graphics.cfg 2009/08/28 v1.8 graphics configuration of TeX Live
)
Package graphics Info: Driver file: dvipdfm.def on input line 91.

(/usr/share/texmf-texlive/tex/latex/dvipdfm/dvipdfm.def
File: dvipdfm.def 1999/9/6 vx.x Driver-dependant file
))
\Gin@req@height=\dimen124
\Gin@req@width=\dimen125
)
(/usr/share/texmf-texlive/tex/latex/listings/listings.sty
\lst@mode=\count100
\lst@gtempboxa=\box42
\lst@token=\toks17
\lst@length=\count101
\lst@currlwidth=\dimen126
\lst@column=\count102
\lst@pos=\count103
\lst@lostspace=\dimen127
\lst@width=\dimen128
\lst@newlines=\count104
\lst@lineno=\count105
\lst@maxwidth=\dimen129

(/usr/share/texmf-texlive/tex/latex/listings/lstmisc.sty
File: lstmisc.sty 2007/02/22 1.4 (Carsten Heinz)
\c@lstnumber=\count106
\lst@skipnumbers=\count107
\lst@framebox=\box43
)
(/usr/share/texmf-texlive/tex/latex/listings/listings.cfg
File: listings.cfg 2007/02/22 1.4 listings configuration
))
Package: listings 2007/02/22 1.4 (Carsten Heinz)

(/usr/share/texmf/ptex/platex/base/jlisting.sty
Package: jlisting 2006/02/20 0.2 (Thor)
\lst@nextchar=\count108
\lst@inputfile=\read1
)
(/usr/share/texmf-texlive/tex/latex/listings/lstlang1.sty
File: lstlang1.sty 2004/09/05 1.3 listings language file
)
(/usr/share/texmf-texlive/tex/latex/listings/lstmisc.sty
File: lstmisc.sty 2007/02/22 1.4 (Carsten Heinz)
)

LaTeX Warning: Unused global option(s):
    [12px].

(./Book.aux)
\openout1 = `Book.aux'.

LaTeX Font Info:    Checking defaults for OML/cmm/m/it on input line 20.
LaTeX Font Info:    ... okay on input line 20.
LaTeX Font Info:    Checking defaults for T1/cmr/m/n on input line 20.
LaTeX Font Info:    ... okay on input line 20.
LaTeX Font Info:    Checking defaults for OT1/cmr/m/n on input line 20.
LaTeX Font Info:    ... okay on input line 20.
LaTeX Font Info:    Checking defaults for OMS/cmsy/m/n on input line 20.
LaTeX Font Info:    ... okay on input line 20.
LaTeX Font Info:    Checking defaults for OMX/cmex/m/n on input line 20.
LaTeX Font Info:    ... okay on input line 20.
LaTeX Font Info:    Checking defaults for U/cmr/m/n on input line 20.
LaTeX Font Info:    ... okay on input line 20.
LaTeX Font Info:    Checking defaults for JY1/mc/m/n on input line 20.
LaTeX Font Info:    ... okay on input line 20.
LaTeX Font Info:    Checking defaults for JT1/mc/m/n on input line 20.
LaTeX Font Info:    ... okay on input line 20.
LaTeX Font Info:    Checking defaults for PD1/pdf/m/n on input line 20.
LaTeX Font Info:    ... okay on input line 20.
Package hyperref Info: Link coloring OFF on input line 20.
 (/usr/share/texmf-texlive/tex/latex/hyperref/nameref.sty
Package: nameref 2007/05/29 v2.31 Cross-referencing by name of section

(/usr/share/texmf-texlive/tex/latex/oberdiek/refcount.sty
Package: refcount 2008/08/11 v3.1 Data extraction from references (HO)
)
\c@section@level=\count109
)
LaTeX Info: Redefining \ref on input line 20.
LaTeX Info: Redefining \pageref on input line 20.
 (./Book.out)
(./Book.out)
\@outlinefile=\write3
\openout3 = `Book.out'.

\AtBeginShipoutBox=\box44
\c@lstlisting=\count110
LaTeX Font Info:    Font shape `JT1/mc/m/n' will be
(Font)              scaled to size 16.60605pt on input line 25.
LaTeX Font Info:    Font shape `JY1/mc/m/n' will be
(Font)              scaled to size 16.60605pt on input line 25.
LaTeX Font Info:    Font shape `JT1/mc/m/n' will be
(Font)              scaled to size 19.9311pt on input line 25.
LaTeX Font Info:    Font shape `JY1/mc/m/n' will be
(Font)              scaled to size 19.9311pt on input line 25.
LaTeX Font Info:    External font `cmex10' loaded for size
(Font)              <20.74> on input line 25.
LaTeX Font Info:    External font `cmex10' loaded for size
(Font)              <14.4> on input line 25.
LaTeX Font Info:    External font `cmex10' loaded for size
(Font)              <12> on input line 25.
LaTeX Font Info:    Font shape `JY1/mc/m/n' will be
(Font)              scaled to size 13.83836pt on input line 25.
LaTeX Font Info:    Font shape `JY1/mc/m/n' will be
(Font)              scaled to size 11.53198pt on input line 25.
LaTeX Font Info:    Font shape `JT1/mc/m/n' will be
(Font)              scaled to size 11.53198pt on input line 25.
LaTeX Font Info:    External font `cmex10' loaded for size
(Font)              <8> on input line 25.
LaTeX Font Info:    External font `cmex10' loaded for size
(Font)              <6> on input line 25.
LaTeX Font Info:    Font shape `JY1/mc/m/n' will be
(Font)              scaled to size 5.76599pt on input line 25.
 [1


]
LaTeX Font Info:    External font `cmex10' loaded for size
(Font)              <7> on input line 26.
LaTeX Font Info:    External font `cmex10' loaded for size
(Font)              <5> on input line 26.
LaTeX Font Info:    Font shape `JY1/mc/m/n' will be
(Font)              scaled to size 6.72699pt on input line 26.
LaTeX Font Info:    Font shape `JY1/mc/m/n' will be
(Font)              scaled to size 4.805pt on input line 26.
LaTeX Font Info:    Font shape `JT1/mc/m/n' will be
(Font)              scaled to size 6.72699pt on input line 26.
LaTeX Font Info:    Font shape `JT1/mc/m/n' will be
(Font)              scaled to size 13.83836pt on input line 28.
LaTeX Font Info:    Font shape `JT1/gt/m/n' will be
(Font)              scaled to size 13.83836pt on input line 28.
LaTeX Font Info:    Font shape `JY1/gt/m/n' will be
(Font)              scaled to size 13.83836pt on input line 28.
LaTeX Font Info:    Try loading font information for OMS+cmr on input line 30.
 (/usr/share/texmf-texlive/tex/latex/base/omscmr.fd
File: omscmr.fd 1999/05/25 v2.5h Standard LaTeX font definitions
)
LaTeX Font Info:    Font shape `OMS/cmr/m/n' in size <10> not available
(Font)              Font shape `OMS/cmsy/m/n' tried instead on input line 30.
LaTeX Font Info:    Font shape `JT1/mc/bx/n' in size <10> not available
(Font)              Font shape `JT1/gt/m/n' tried instead on input line 48.
LaTeX Font Info:    Font shape `JT1/gt/m/n' will be
(Font)              scaled to size 9.60999pt on input line 48.
LaTeX Font Info:    Font shape `JY1/mc/bx/n' in size <10> not available
(Font)              Font shape `JY1/gt/m/n' tried instead on input line 48.
LaTeX Font Info:    Font shape `JY1/gt/m/n' will be
(Font)              scaled to size 9.60999pt on input line 48.
 [2]
LaTeX Font Info:    Font shape `JT1/mc/m/n' will be
(Font)              scaled to size 8.64899pt on input line 58.
LaTeX Font Info:    Font shape `JY1/mc/m/n' will be
(Font)              scaled to size 8.64899pt on input line 58.
File: by-nd.eps Graphic file (type eps)

<by-nd.eps> [3

] [4


]
LaTeX Font Info:    Font shape `JT1/mc/m/n' will be
(Font)              scaled to size 23.90964pt on input line 64.
LaTeX Font Info:    Font shape `JY1/mc/m/n' will be
(Font)              scaled to size 23.90964pt on input line 64.
LaTeX Font Info:    Font shape `JT1/gt/m/n' will be
(Font)              scaled to size 23.90964pt on input line 64.
LaTeX Font Info:    Font shape `JY1/gt/m/n' will be
(Font)              scaled to size 23.90964pt on input line 64.
 (./Book.toc
LaTeX Font Info:    Font shape `JT1/gt/m/n' will be
(Font)              scaled to size 11.53198pt on input line 6.
LaTeX Font Info:    Font shape `JY1/gt/m/n' will be
(Font)              scaled to size 11.53198pt on input line 6.
 [5])
\tf@toc=\write4
\openout4 = `Book.toc'.

File: DSCN2008.JPG Graphic file (type eps)
 <DSCN2008.JPG>
Overfull \hbox (183.69324pt too wide) in paragraph at lines 68--69
 [] 
 []

[6] [7] [8


]
LaTeX Font Info:    Font shape `JT1/gt/m/n' will be
(Font)              scaled to size 19.9311pt on input line 72.
LaTeX Font Info:    Font shape `JY1/gt/m/n' will be
(Font)              scaled to size 19.9311pt on input line 72.
 [9] [10]
Âè1¾Ï
[11

] [12]
Underfull \hbox (badness 1117) in paragraph at lines 140--147
\OT1/cmr/m/n/10 WISE, ARIS-ING FROM, OUT OF OR IN CON-NEC-TION WITH
 []

[13] [14] [15]
File: DSCN2012.JPG Graphic file (type eps)
 <DSCN2012.JPG>
Overfull \hbox (233.88074pt too wide) in paragraph at lines 195--196
 [] 
 []

[16] [17] [18


]
Âè2¾Ï
[19] [20]
LaTeX Font Info:    Font shape `OMS/cmr/m/n' in size <12> not available
(Font)              Font shape `OMS/cmsy/m/n' tried instead on input line 276.
LaTeX Font Info:    External font `cmex10' loaded for size
(Font)              <9> on input line 286.
File: DSCN2016.JPG Graphic file (type eps)
 <DSCN2016.JPG>
Overfull \hbox (233.88074pt too wide) in paragraph at lines 287--288
 [] 
 []

[21] [22]
Âè3¾Ï
LaTeX Font Info:    Font shape `JT1/mc/bx/n' in size <12> not available
(Font)              Font shape `JT1/gt/m/n' tried instead on input line 299.
LaTeX Font Info:    Font shape `JT1/gt/m/n' will be
(Font)              scaled to size 11.53198pt on input line 299.
LaTeX Font Info:    Font shape `JY1/mc/bx/n' in size <12> not available
(Font)              Font shape `JY1/gt/m/n' tried instead on input line 299.
LaTeX Font Info:    Font shape `JY1/gt/m/n' will be
(Font)              scaled to size 11.53198pt on input line 299.
[23


] [24] [25] [26]
File: fig1.eps Graphic file (type eps)
 <fig1.eps>
Overfull \hbox (44.67206pt too wide) in paragraph at lines 383--384
 [] 
 []


LaTeX Warning: `h' float specifier changed to `ht'.


Overfull \hbox (148.82538pt too wide) in paragraph at lines 418--418
[]\OT1/cmtt/m/n/12 Makepdf  textest.aux  textest.dvi  textest.log textest.out  
textest.pdf  textest.tex[] 
 []

[27]
Underfull \hbox (badness 10000) in paragraph at lines 418--418
[]\OT1/cmtt/m/n/12 Initialized empty Git repository in /home/ioriveur/\JY1/gt/m
/n/12 ÏÀÊ¸
 []


Overfull \hbox (25.32532pt too wide) in paragraph at lines 418--418
[]\OT1/cmtt/m/n/12 Debian% git remote add origin git@github.com:iori-yja/Report
.git[] 
 []

[28]
File: DSCN1987.JPG Graphic file (type eps)
 <DSCN1987.JPG>
Overfull \hbox (233.88074pt too wide) in paragraph at lines 424--425
 [] 
 []

[29] [30


] [31] [32]
Âè4¾Ï
File: print.pdf Graphic file (type eps)
<print.pdf>
Overfull \hbox (172.15013pt too wide) in paragraph at lines 435--436
 [] 
 []

[33

]
Package hyperref Info: bookmark level for unknown lstlisting defaults to 0 on i
nput line 443.
LaTeX Font Info:    Font shape `JT1/gt/m/n' will be
(Font)              scaled to size 8.64899pt on input line 443.
LaTeX Font Info:    Font shape `JY1/gt/m/n' will be
(Font)              scaled to size 8.64899pt on input line 443.
 [34

]
LaTeX Font Info:    Font shape `JT1/gt/bx/n' in size <9> not available
(Font)              Font shape `JT1/gt/m/n' tried instead on input line 466.
LaTeX Font Info:    Font shape `JT1/gt/m/n' will be
(Font)              scaled to size 8.64899pt on input line 466.
LaTeX Font Info:    Font shape `JY1/gt/bx/n' in size <9> not available
(Font)              Font shape `JY1/gt/m/n' tried instead on input line 466.
LaTeX Font Info:    Font shape `JY1/gt/m/n' will be
(Font)              scaled to size 8.64899pt on input line 466.
LaTeX Font Info:    Font shape `OT1/cmtt/bx/n' in size <9> not available
(Font)              Font shape `OT1/cmtt/m/n' tried instead on input line 466.
File: tmchart.eps Graphic file (type eps)
 <tmchart.eps> [35] [36] [37] [38

]
Overfull \hbox (35.08327pt too wide) in paragraph at lines 564--565
[]\JY1/mc/m/n/12 ¥·¥ß ¥å¥ì ¡¼¥¿¤Ïº£²ó ¡¢ \OT1/cmr/m/n/12 Modelsim-altera starte
r edi-tion(nonOSS:MentorGraphics
 []

LaTeX Font Info:    Font shape `JT1/gt/m/it' in size <9> not available
(Font)              Font shape `JT1/gt/m/n' tried instead on input line 572.
LaTeX Font Info:    Font shape `JT1/gt/m/n' will be
(Font)              scaled to size 8.64899pt on input line 572.
LaTeX Font Info:    Font shape `JY1/gt/m/it' in size <9> not available
(Font)              Font shape `JY1/gt/m/n' tried instead on input line 572.
LaTeX Font Info:    Font shape `JY1/gt/m/n' will be
(Font)              scaled to size 8.64899pt on input line 572.
File: fig2.eps Graphic file (type eps)
<fig2.eps> [39

]
File: fig3.eps Graphic file (type eps)
 <fig3.eps> [40]
Overfull \hbox (49.70386pt too wide) in paragraph at lines 596--597
[][][][][][][][][][][][][][][][][][][][] 
 []


Overfull \hbox (27.02393pt too wide) in paragraph at lines 610--611
[][][][][][][][][][][][][][][][][][][][][][][][][][][][][][][][][][][][][][] 
 []


Overfull \hbox (27.02393pt too wide) in paragraph at lines 625--626
[][][][][][][][][][][][][][][][][][][][][][][][][][][][] 
 []

[41

]
Overfull \hbox (55.37384pt too wide) in paragraph at lines 649--650
[][][][][][][][][][][][][][][][][][][][][][][][][][][][][][] 
 []

File: DSCN2010.JPG Graphic file (type eps)
<DSCN2010.JPG>
Overfull \hbox (233.88074pt too wide) in paragraph at lines 674--675
 [] 
 []


Overfull \hbox (120.6878pt too wide) in paragraph at lines 669--677
[]\OT1/cmr/m/n/12 http://aitendo2.sakura.ne.jp/aitendo[]data/product[]img2/prod
uct[]img/camera/CAMERA30W-
 []

[42] [43] [44


]
Âè5¾Ï
[45] [46]
Overfull \hbox (10.01398pt too wide) in paragraph at lines 757--758
[][][][][][][][][][][][][][][][][][][][][][][][][][][][][][][] 
 []

[47] [48]
Âè6¾Ï

Underfull \hbox (badness 4556) in paragraph at lines 795--798
[]\OT1/cmr/m/n/12 http://www.cs.fsu.edu/ bak-er/de-vices/lxr/http/-source/lin-u
x/-driver-
 []

[49

] [50] [51]
File: DSCN2009.JPG Graphic file (type eps)
 <DSCN2009.JPG>
Overfull \hbox (233.88074pt too wide) in paragraph at lines 923--924
 [] 
 []

[52] [53] [54


]
Âè7¾Ï
[55] [56]
File: DSCN2019.JPG Graphic file (type eps)
 <DSCN2019.JPG>
Overfull \hbox (233.88074pt too wide) in paragraph at lines 1026--1027
 [] 
 []

[57] [58]
Âè8¾Ï
[59


]
File: DSCN2023.JPG Graphic file (type eps)
 <DSCN2023.JPG>
Overfull \hbox (104.85345pt too wide) in paragraph at lines 1075--1076
 [] 
 []

File: DSCN2024.JPG Graphic file (type eps)
<DSCN2024.JPG>
Overfull \hbox (104.85345pt too wide) in paragraph at lines 1081--1082
 [] 
 []


Overfull \hbox (15.33333pt too wide) in paragraph at lines 1071--1085
[][] 
 []

File: DSCN2025.JPG Graphic file (type eps)
<DSCN2025.JPG>
Overfull \hbox (233.88074pt too wide) in paragraph at lines 1091--1092
 [] 
 []

[60]

LaTeX Warning: `h' float specifier changed to `ht'.

[61] [62]
File: DSCN2037.JPG Graphic file (type eps)
 <DSCN2037.JPG>
Overfull \hbox (233.88074pt too wide) in paragraph at lines 1157--1158
 [] 
 []

[63] [64]
Âè9¾Ï
[65

] [66]
Overfull \hbox (78.05377pt too wide) in paragraph at lines 1261--1262
[][][][][][][][][][][][][][][][][][][][][][][][][][][][][][][][][][][][][][][] 

 []

[67] [68] [69] [70]
Overfull \hbox (32.69391pt too wide) in paragraph at lines 1416--1417
[][][][][][] 
 []

[71]
File: DSCN2011.JPG Graphic file (type eps)
 <DSCN2011.JPG>
Overfull \hbox (233.88074pt too wide) in paragraph at lines 1492--1493
 [] 
 []

[72] [73] [74


] [75] [76]
Âè10¾Ï
[77

]
File: DSCN2036.JPG Graphic file (type eps)
 <DSCN2036.JPG>
Overfull \hbox (233.88074pt too wide) in paragraph at lines 1524--1525
 [] 
 []

[78] [79] [80

]
Âè11¾Ï
[81] [82]
File: DSCN1986.JPG Graphic file (type eps)
 <DSCN1986.JPG>
Overfull \hbox (233.88074pt too wide) in paragraph at lines 1572--1573
 [] 
 []

[83] [84]
Âè12¾Ï
[85

] [86] [87] [88

]
Âè13¾Ï
[89]
File: DSCN2014.JPG Graphic file (type eps)
 <DSCN2014.JPG>
Overfull \hbox (233.88074pt too wide) in paragraph at lines 1634--1635
 [] 
 []

[90] (./Book.aux) ) 
Here is how much of TeX's memory you used:
 6081 strings out of 257674
 86025 string characters out of 1191153
 196558 words of memory out of 3000000
 9156 multiletter control sequences out of 10000+50000
 20466 words of font info for 92 fonts, out of 2000000 for 2000
 19 hyphenation exceptions out of 8191
 38i,13n,49p,635b,1873s stack positions out of 5000i,500n,6000p,200000b,40000s

Output written on Book.dvi (90 pages, 333324 bytes).
